/*C1*/SET SCHEMA SYSTEM_LOBS
INSERT INTO BLOCKS VALUES(0,2147483647,0)
COMMIT
/*C2*/SET SCHEMA PUBLIC
create table log_entry_entity (event_id varchar(255) not null, alert boolean, duration bigint, host varchar(255), type varchar(255), primary key (event_id))
create table log_event_entity (pk_id integer not null, app_id varchar(255), host varchar(255), state varchar(255), timestamp bigint, type varchar(255), primary key (pk_id))
create sequence hibernate_sequence start with 1 increment by 1
INSERT INTO LOG_EVENT_ENTITY VALUES(1,'1','abc','START',1491377495212,'APPLICATION')
ALTER SEQUENCE PUBLIC.HIBERNATE_SEQUENCE RESTART WITH 2
COMMIT
INSERT INTO LOG_ENTRY_ENTITY VALUES('1',TRUE,5,'abc','APPLICATION')
COMMIT
INSERT INTO LOG_EVENT_ENTITY VALUES(2,'1','abc','END',1491377495217,'APPLICATION')
ALTER SEQUENCE PUBLIC.HIBERNATE_SEQUENCE RESTART WITH 3
COMMIT
INSERT INTO LOG_EVENT_ENTITY VALUES(3,'2',NULL,'START',1491377495212,NULL)
ALTER SEQUENCE PUBLIC.HIBERNATE_SEQUENCE RESTART WITH 4
COMMIT
INSERT INTO LOG_ENTRY_ENTITY VALUES('2',FALSE,0,NULL,NULL)
COMMIT
INSERT INTO LOG_EVENT_ENTITY VALUES(4,'2',NULL,'END',1491377495212,NULL)
ALTER SEQUENCE PUBLIC.HIBERNATE_SEQUENCE RESTART WITH 5
COMMIT
INSERT INTO LOG_EVENT_ENTITY VALUES(5,'3',NULL,'START',1491377495212,NULL)
ALTER SEQUENCE PUBLIC.HIBERNATE_SEQUENCE RESTART WITH 6
COMMIT
INSERT INTO LOG_ENTRY_ENTITY VALUES('3',FALSE,0,NULL,NULL)
COMMIT
INSERT INTO LOG_EVENT_ENTITY VALUES(6,'3',NULL,'END',1491377495212,NULL)
ALTER SEQUENCE PUBLIC.HIBERNATE_SEQUENCE RESTART WITH 7
COMMIT
DISCONNECT
/*C3*/SET SCHEMA PUBLIC
DISCONNECT
/*C4*/SET SCHEMA PUBLIC
DISCONNECT
/*C5*/SET SCHEMA PUBLIC
DISCONNECT
/*C6*/SET SCHEMA PUBLIC
DISCONNECT
/*C7*/SET SCHEMA PUBLIC
DISCONNECT
/*C8*/SET SCHEMA PUBLIC
DISCONNECT
/*C9*/SET SCHEMA PUBLIC
DISCONNECT
/*C10*/SET SCHEMA PUBLIC
DISCONNECT
/*C11*/SET SCHEMA PUBLIC
DISCONNECT
